<?xml version="1.0" encoding="UTF-8"?>
<!-- Generated by org.testng.reporters.JUnitReportReporter -->
<testsuite hostname="GUNASEKAR-PC" failures="0" tests="1" name="runner.MongoDBTest" time="0.357" errors="0" timestamp="29 May 2018 07:13:36 GMT">
  <testcase classname="runner.MongoDBTest" name="mongoTest" time="0.357"/>
</testsuite> <!-- runner.MongoDBTest -->
